<?xml version="1.0" encoding="UTF-8"?>
<coverage generated="1597688399203" clover="3.2.0">
  <project timestamp="1597688399203" name="All files">
    <metrics statements="77" coveredstatements="77" conditionals="27" coveredconditionals="27" methods="58" coveredmethods="58" elements="162" coveredelements="162" complexity="0" loc="77" ncloc="77" packages="7" files="25" classes="25"/>
    <package name="algorithms and functional programming">
      <metrics statements="20" coveredstatements="20" conditionals="2" coveredconditionals="2" methods="16" coveredmethods="16"/>
      <file name="add.ts" path="D:\fleshka\learnjs\JSCORE\innowise\exercises\algorithms and functional programming\add.ts">
        <metrics statements="2" coveredstatements="2" conditionals="0" coveredconditionals="0" methods="2" coveredmethods="2"/>
        <line num="3" count="2" type="stmt"/>
        <line num="4" count="1" type="stmt"/>
      </file>
      <file name="compose.ts" path="D:\fleshka\learnjs\JSCORE\innowise\exercises\algorithms and functional programming\compose.ts">
        <metrics statements="2" coveredstatements="2" conditionals="0" coveredconditionals="0" methods="3" coveredmethods="3"/>
        <line num="5" count="2" type="stmt"/>
        <line num="6" count="3" type="stmt"/>
      </file>
      <file name="flattenAndSort.ts" path="D:\fleshka\learnjs\JSCORE\innowise\exercises\algorithms and functional programming\flattenAndSort.ts">
        <metrics statements="3" coveredstatements="3" conditionals="0" coveredconditionals="0" methods="3" coveredmethods="3"/>
        <line num="3" count="3" type="stmt"/>
        <line num="4" count="9" type="stmt"/>
        <line num="5" count="48" type="stmt"/>
      </file>
      <file name="multiplyAll.ts" path="D:\fleshka\learnjs\JSCORE\innowise\exercises\algorithms and functional programming\multiplyAll.ts">
        <metrics statements="2" coveredstatements="2" conditionals="0" coveredconditionals="0" methods="3" coveredmethods="3"/>
        <line num="3" count="2" type="stmt"/>
        <line num="4" count="3" type="stmt"/>
      </file>
      <file name="reduce.ts" path="D:\fleshka\learnjs\JSCORE\innowise\exercises\algorithms and functional programming\reduce.ts">
        <metrics statements="10" coveredstatements="10" conditionals="0" coveredconditionals="0" methods="3" coveredmethods="3"/>
        <line num="5" count="2" type="stmt"/>
        <line num="6" count="2" type="stmt"/>
        <line num="7" count="7" type="stmt"/>
        <line num="8" count="7" type="stmt"/>
        <line num="13" count="2" type="stmt"/>
        <line num="14" count="2" type="stmt"/>
        <line num="15" count="2" type="stmt"/>
        <line num="16" count="10" type="stmt"/>
        <line num="17" count="10" type="stmt"/>
        <line num="19" count="2" type="stmt"/>
      </file>
      <file name="uniqueSum.ts" path="D:\fleshka\learnjs\JSCORE\innowise\exercises\algorithms and functional programming\uniqueSum.ts">
        <metrics statements="1" coveredstatements="1" conditionals="2" coveredconditionals="2" methods="2" coveredmethods="2"/>
        <line num="3" count="10" type="cond" truecount="2" falsecount="0"/>
      </file>
    </package>
    <package name="array functions">
      <metrics statements="19" coveredstatements="19" conditionals="0" coveredconditionals="0" methods="18" coveredmethods="18"/>
      <file name="arithmeticSequenceSum.ts" path="D:\fleshka\learnjs\JSCORE\innowise\exercises\array functions\arithmeticSequenceSum.ts">
        <metrics statements="3" coveredstatements="3" conditionals="0" coveredconditionals="0" methods="3" coveredmethods="3"/>
        <line num="3" count="4" type="stmt"/>
        <line num="4" count="15" type="stmt"/>
        <line num="5" count="15" type="stmt"/>
      </file>
      <file name="biggest.ts" path="D:\fleshka\learnjs\JSCORE\innowise\exercises\array functions\biggest.ts">
        <metrics statements="2" coveredstatements="2" conditionals="0" coveredconditionals="0" methods="2" coveredmethods="2"/>
        <line num="3" count="5" type="stmt"/>
        <line num="4" count="21" type="stmt"/>
      </file>
      <file name="diagonalSum.ts" path="D:\fleshka\learnjs\JSCORE\innowise\exercises\array functions\diagonalSum.ts">
        <metrics statements="1" coveredstatements="1" conditionals="0" coveredconditionals="0" methods="2" coveredmethods="2"/>
        <line num="3" count="10" type="stmt"/>
      </file>
      <file name="maxTripletSum.ts" path="D:\fleshka\learnjs\JSCORE\innowise\exercises\array functions\maxTripletSum.ts">
        <metrics statements="7" coveredstatements="7" conditionals="0" coveredconditionals="0" methods="5" coveredmethods="5"/>
        <line num="3" count="4" type="stmt"/>
        <line num="4" count="12" type="stmt"/>
        <line num="5" count="4" type="stmt"/>
        <line num="6" count="12" type="stmt"/>
        <line num="7" count="12" type="stmt"/>
        <line num="8" count="62" type="stmt"/>
        <line num="10" count="12" type="stmt"/>
      </file>
      <file name="pattern.ts" path="D:\fleshka\learnjs\JSCORE\innowise\exercises\array functions\pattern.ts">
        <metrics statements="4" coveredstatements="4" conditionals="0" coveredconditionals="0" methods="3" coveredmethods="3"/>
        <line num="3" count="11" type="stmt"/>
        <line num="4" count="3" type="stmt"/>
        <line num="5" count="11" type="stmt"/>
        <line num="6" count="11" type="stmt"/>
      </file>
      <file name="sumAverage.ts" path="D:\fleshka\learnjs\JSCORE\innowise\exercises\array functions\sumAverage.ts">
        <metrics statements="2" coveredstatements="2" conditionals="0" coveredconditionals="0" methods="3" coveredmethods="3"/>
        <line num="3" count="3" type="stmt"/>
        <line num="4" count="27" type="stmt"/>
      </file>
    </package>
    <package name="classes & patterns">
      <metrics statements="5" coveredstatements="5" conditionals="2" coveredconditionals="2" methods="2" coveredmethods="2"/>
      <file name="customUpperCase.ts" path="D:\fleshka\learnjs\JSCORE\innowise\exercises\classes & patterns\customUpperCase.ts">
        <metrics statements="2" coveredstatements="2" conditionals="0" coveredconditionals="0" methods="1" coveredmethods="1"/>
        <line num="7" count="1" type="stmt"/>
        <line num="8" count="2" type="stmt"/>
      </file>
      <file name="singleton.ts" path="D:\fleshka\learnjs\JSCORE\innowise\exercises\classes & patterns\singleton.ts">
        <metrics statements="3" coveredstatements="3" conditionals="2" coveredconditionals="2" methods="1" coveredmethods="1"/>
        <line num="8" count="2" type="cond" truecount="2" falsecount="0"/>
        <line num="9" count="1" type="stmt"/>
        <line num="11" count="2" type="stmt"/>
      </file>
    </package>
    <package name="higher-order functions">
      <metrics statements="3" coveredstatements="3" conditionals="0" coveredconditionals="0" methods="3" coveredmethods="3"/>
      <file name="spread.ts" path="D:\fleshka\learnjs\JSCORE\innowise\exercises\higher-order functions\spread.ts">
        <metrics statements="1" coveredstatements="1" conditionals="0" coveredconditionals="0" methods="1" coveredmethods="1"/>
        <line num="4" count="2" type="stmt"/>
      </file>
      <file name="zipWith.ts" path="D:\fleshka\learnjs\JSCORE\innowise\exercises\higher-order functions\zipWith.ts">
        <metrics statements="2" coveredstatements="2" conditionals="0" coveredconditionals="0" methods="2" coveredmethods="2"/>
        <line num="4" count="3" type="stmt"/>
        <line num="5" count="6" type="stmt"/>
      </file>
    </package>
    <package name="recursion">
      <metrics statements="8" coveredstatements="8" conditionals="9" coveredconditionals="9" methods="3" coveredmethods="3"/>
      <file name="sequenceSum.ts" path="D:\fleshka\learnjs\JSCORE\innowise\exercises\recursion\sequenceSum.ts">
        <metrics statements="3" coveredstatements="3" conditionals="4" coveredconditionals="4" methods="1" coveredmethods="1"/>
        <line num="3" count="5" type="cond" truecount="2" falsecount="0"/>
        <line num="4" count="3" type="cond" truecount="2" falsecount="0"/>
        <line num="5" count="2" type="stmt"/>
      </file>
      <file name="stringify.ts" path="D:\fleshka\learnjs\JSCORE\innowise\exercises\recursion\stringify.ts">
        <metrics statements="5" coveredstatements="5" conditionals="5" coveredconditionals="5" methods="2" coveredmethods="2"/>
        <line num="8" count="10" type="stmt"/>
        <line num="9" count="10" type="stmt"/>
        <line num="14" count="10" type="cond" truecount="2" falsecount="0"/>
        <line num="15" count="8" type="cond" truecount="2" falsecount="0"/>
        <line num="16" count="7" type="stmt"/>
      </file>
    </package>
    <package name="sorting">
      <metrics statements="3" coveredstatements="3" conditionals="2" coveredconditionals="2" methods="3" coveredmethods="3"/>
      <file name="sortArr.ts" path="D:\fleshka\learnjs\JSCORE\innowise\exercises\sorting\sortArr.ts">
        <metrics statements="3" coveredstatements="3" conditionals="2" coveredconditionals="2" methods="3" coveredmethods="3"/>
        <line num="3" count="9" type="cond" truecount="2" falsecount="0"/>
        <line num="4" count="12" type="stmt"/>
        <line num="6" count="1" type="stmt"/>
      </file>
    </package>
    <package name="string functions">
      <metrics statements="19" coveredstatements="19" conditionals="12" coveredconditionals="12" methods="13" coveredmethods="13"/>
      <file name="alphabetized.ts" path="D:\fleshka\learnjs\JSCORE\innowise\exercises\string functions\alphabetized.ts">
        <metrics statements="2" coveredstatements="2" conditionals="2" coveredconditionals="2" methods="2" coveredmethods="2"/>
        <line num="3" count="4" type="stmt"/>
        <line num="6" count="67" type="cond" truecount="2" falsecount="0"/>
      </file>
      <file name="countDuplicates.ts" path="D:\fleshka\learnjs\JSCORE\innowise\exercises\string functions\countDuplicates.ts">
        <metrics statements="2" coveredstatements="2" conditionals="2" coveredconditionals="2" methods="2" coveredmethods="2"/>
        <line num="3" count="6" type="stmt"/>
        <line num="6" count="65" type="cond" truecount="2" falsecount="0"/>
      </file>
      <file name="formatCurrency.ts" path="D:\fleshka\learnjs\JSCORE\innowise\exercises\string functions\formatCurrency.ts">
        <metrics statements="1" coveredstatements="1" conditionals="0" coveredconditionals="0" methods="1" coveredmethods="1"/>
        <line num="3" count="6" type="stmt"/>
      </file>
      <file name="replaceWithAlphPositions.ts" path="D:\fleshka\learnjs\JSCORE\innowise\exercises\string functions\replaceWithAlphPositions.ts">
        <metrics statements="3" coveredstatements="3" conditionals="2" coveredconditionals="2" methods="3" coveredmethods="3"/>
        <line num="3" count="3" type="stmt"/>
        <line num="6" count="45" type="cond" truecount="2" falsecount="0"/>
        <line num="7" count="32" type="stmt"/>
      </file>
      <file name="romanToNumber.ts" path="D:\fleshka\learnjs\JSCORE\innowise\exercises\string functions\romanToNumber.ts">
        <metrics statements="6" coveredstatements="6" conditionals="4" coveredconditionals="4" methods="3" coveredmethods="3"/>
        <line num="3" count="4" type="stmt"/>
        <line num="4" count="4" type="cond" truecount="2" falsecount="0"/>
        <line num="5" count="2" type="stmt"/>
        <line num="14" count="2" type="stmt"/>
        <line num="16" count="10" type="stmt"/>
        <line num="17" count="10" type="cond" truecount="2" falsecount="0"/>
      </file>
      <file name="toMachineName.ts" path="D:\fleshka\learnjs\JSCORE\innowise\exercises\string functions\toMachineName.ts">
        <metrics statements="5" coveredstatements="5" conditionals="2" coveredconditionals="2" methods="2" coveredmethods="2"/>
        <line num="3" count="4" type="stmt"/>
        <line num="4" count="4" type="stmt"/>
        <line num="5" count="39" type="stmt"/>
        <line num="6" count="4" type="cond" truecount="2" falsecount="0"/>
        <line num="7" count="4" type="stmt"/>
      </file>
    </package>
  </project>
</coverage>
