{"D:\\fleshka\\learnjs\\JSCORE\\innowise\\exercises\\algorithms and functional programming\\add.ts": {"path":"D:\\fleshka\\learnjs\\JSCORE\\innowise\\exercises\\algorithms and functional programming\\add.ts","statementMap":{"0":{"start":{"line":3,"column":2},"end":{"line":5,"column":3}},"1":{"start":{"line":4,"column":4},"end":{"line":4,"column":18}}},"fnMap":{"0":{"name":"add","decl":{"start":{"line":2,"column":16},"end":{"line":2,"column":19}},"loc":{"start":{"line":2,"column":32},"end":{"line":6,"column":1}},"line":2},"1":{"name":"(anonymous_1)","decl":{"start":{"line":3,"column":9},"end":{"line":3,"column":10}},"loc":{"start":{"line":3,"column":41},"end":{"line":5,"column":3}},"line":3}},"branchMap":{},"s":{"0":2,"1":1},"f":{"0":2,"1":1},"b":{},"_coverageSchema":"1a1c01bbd47fc00a2c39e90264f33305004495a9","hash":"722d875a20065102570f1219ffba30c4ebdcc929"}
,"D:\\fleshka\\learnjs\\JSCORE\\innowise\\exercises\\algorithms and functional programming\\compose.ts": {"path":"D:\\fleshka\\learnjs\\JSCORE\\innowise\\exercises\\algorithms and functional programming\\compose.ts","statementMap":{"0":{"start":{"line":5,"column":2},"end":{"line":7,"column":3}},"1":{"start":{"line":6,"column":4},"end":{"line":6,"column":56}},"2":{"start":{"line":6,"column":43},"end":{"line":6,"column":52}}},"fnMap":{"0":{"name":"compose","decl":{"start":{"line":4,"column":16},"end":{"line":4,"column":23}},"loc":{"start":{"line":4,"column":64},"end":{"line":8,"column":1}},"line":4},"1":{"name":"(anonymous_1)","decl":{"start":{"line":5,"column":9},"end":{"line":5,"column":10}},"loc":{"start":{"line":5,"column":32},"end":{"line":7,"column":3}},"line":5},"2":{"name":"(anonymous_2)","decl":{"start":{"line":6,"column":28},"end":{"line":6,"column":29}},"loc":{"start":{"line":6,"column":43},"end":{"line":6,"column":52}},"line":6}},"branchMap":{},"s":{"0":2,"1":1,"2":3},"f":{"0":2,"1":1,"2":3},"b":{},"_coverageSchema":"1a1c01bbd47fc00a2c39e90264f33305004495a9","hash":"edb5e1a9401643b949e593e9b8ccc2416d455fa5"}
,"D:\\fleshka\\learnjs\\JSCORE\\innowise\\exercises\\algorithms and functional programming\\flattenAndSort.ts": {"path":"D:\\fleshka\\learnjs\\JSCORE\\innowise\\exercises\\algorithms and functional programming\\flattenAndSort.ts","statementMap":{"0":{"start":{"line":3,"column":2},"end":{"line":5,"column":26}},"1":{"start":{"line":4,"column":31},"end":{"line":4,"column":51}},"2":{"start":{"line":5,"column":20},"end":{"line":5,"column":25}}},"fnMap":{"0":{"name":"flattenAndSort","decl":{"start":{"line":2,"column":16},"end":{"line":2,"column":30}},"loc":{"start":{"line":2,"column":74},"end":{"line":6,"column":1}},"line":2},"1":{"name":"(anonymous_1)","decl":{"start":{"line":4,"column":12},"end":{"line":4,"column":13}},"loc":{"start":{"line":4,"column":31},"end":{"line":4,"column":51}},"line":4},"2":{"name":"(anonymous_2)","decl":{"start":{"line":5,"column":10},"end":{"line":5,"column":11}},"loc":{"start":{"line":5,"column":20},"end":{"line":5,"column":25}},"line":5}},"branchMap":{},"s":{"0":3,"1":9,"2":48},"f":{"0":3,"1":9,"2":48},"b":{},"_coverageSchema":"1a1c01bbd47fc00a2c39e90264f33305004495a9","hash":"dbe330c6d976d55f96e747b24bcafb7f3586e1b4"}
,"D:\\fleshka\\learnjs\\JSCORE\\innowise\\exercises\\algorithms and functional programming\\multiplyAll.ts": {"path":"D:\\fleshka\\learnjs\\JSCORE\\innowise\\exercises\\algorithms and functional programming\\multiplyAll.ts","statementMap":{"0":{"start":{"line":3,"column":2},"end":{"line":5,"column":3}},"1":{"start":{"line":4,"column":4},"end":{"line":4,"column":41}},"2":{"start":{"line":4,"column":28},"end":{"line":4,"column":40}}},"fnMap":{"0":{"name":"multiplyAll","decl":{"start":{"line":2,"column":16},"end":{"line":2,"column":27}},"loc":{"start":{"line":2,"column":49},"end":{"line":6,"column":1}},"line":2},"1":{"name":"(anonymous_1)","decl":{"start":{"line":3,"column":9},"end":{"line":3,"column":10}},"loc":{"start":{"line":3,"column":48},"end":{"line":5,"column":3}},"line":3},"2":{"name":"(anonymous_2)","decl":{"start":{"line":4,"column":19},"end":{"line":4,"column":20}},"loc":{"start":{"line":4,"column":28},"end":{"line":4,"column":40}},"line":4}},"branchMap":{},"s":{"0":2,"1":1,"2":3},"f":{"0":2,"1":1,"2":3},"b":{},"_coverageSchema":"1a1c01bbd47fc00a2c39e90264f33305004495a9","hash":"846415e6dc374df9fe11ae0106c7f3eeb013ac75"}
,"D:\\fleshka\\learnjs\\JSCORE\\innowise\\exercises\\algorithms and functional programming\\reduce.ts": {"path":"D:\\fleshka\\learnjs\\JSCORE\\innowise\\exercises\\algorithms and functional programming\\reduce.ts","statementMap":{"0":{"start":{"line":5,"column":16},"end":{"line":5,"column":28}},"1":{"start":{"line":6,"column":2},"end":{"line":9,"column":20}},"2":{"start":{"line":7,"column":4},"end":{"line":7,"column":50}},"3":{"start":{"line":8,"column":4},"end":{"line":8,"column":18}},"4":{"start":{"line":13,"column":20},"end":{"line":13,"column":22}},"5":{"start":{"line":14,"column":16},"end":{"line":14,"column":28}},"6":{"start":{"line":15,"column":2},"end":{"line":18,"column":3}},"7":{"start":{"line":15,"column":15},"end":{"line":15,"column":16}},"8":{"start":{"line":16,"column":4},"end":{"line":16,"column":47}},"9":{"start":{"line":17,"column":4},"end":{"line":17,"column":27}},"10":{"start":{"line":19,"column":2},"end":{"line":19,"column":40}}},"fnMap":{"0":{"name":"reduce","decl":{"start":{"line":4,"column":16},"end":{"line":4,"column":22}},"loc":{"start":{"line":4,"column":98},"end":{"line":10,"column":1}},"line":4},"1":{"name":"(anonymous_1)","decl":{"start":{"line":6,"column":17},"end":{"line":6,"column":18}},"loc":{"start":{"line":6,"column":35},"end":{"line":9,"column":3}},"line":6},"2":{"name":"reduceByFor","decl":{"start":{"line":12,"column":16},"end":{"line":12,"column":27}},"loc":{"start":{"line":12,"column":103},"end":{"line":20,"column":1}},"line":12}},"branchMap":{},"s":{"0":2,"1":2,"2":7,"3":7,"4":2,"5":2,"6":2,"7":2,"8":10,"9":10,"10":2},"f":{"0":2,"1":7,"2":2},"b":{},"_coverageSchema":"1a1c01bbd47fc00a2c39e90264f33305004495a9","hash":"0b5b1d4b28eaf95caf2b3fbe0f898e51e0410a13"}
,"D:\\fleshka\\learnjs\\JSCORE\\innowise\\exercises\\algorithms and functional programming\\uniqueSum.ts": {"path":"D:\\fleshka\\learnjs\\JSCORE\\innowise\\exercises\\algorithms and functional programming\\uniqueSum.ts","statementMap":{"0":{"start":{"line":3,"column":2},"end":{"line":3,"column":106}},"1":{"start":{"line":3,"column":51},"end":{"line":3,"column":101}}},"fnMap":{"0":{"name":"uniqueSum","decl":{"start":{"line":2,"column":16},"end":{"line":2,"column":25}},"loc":{"start":{"line":2,"column":55},"end":{"line":4,"column":1}},"line":2},"1":{"name":"(anonymous_1)","decl":{"start":{"line":3,"column":20},"end":{"line":3,"column":21}},"loc":{"start":{"line":3,"column":51},"end":{"line":3,"column":101}},"line":3}},"branchMap":{"0":{"loc":{"start":{"line":3,"column":51},"end":{"line":3,"column":101}},"type":"cond-expr","locations":[{"start":{"line":3,"column":84},"end":{"line":3,"column":95}},{"start":{"line":3,"column":98},"end":{"line":3,"column":101}}],"line":3}},"s":{"0":2,"1":10},"f":{"0":2,"1":10},"b":{"0":[8,2]},"_coverageSchema":"1a1c01bbd47fc00a2c39e90264f33305004495a9","hash":"d7f320066421b6bad69695c8dc2ef8f90288bad6"}
,"D:\\fleshka\\learnjs\\JSCORE\\innowise\\exercises\\array functions\\arithmeticSequenceSum.ts": {"path":"D:\\fleshka\\learnjs\\JSCORE\\innowise\\exercises\\array functions\\arithmeticSequenceSum.ts","statementMap":{"0":{"start":{"line":3,"column":2},"end":{"line":5,"column":57}},"1":{"start":{"line":4,"column":41},"end":{"line":4,"column":44}},"2":{"start":{"line":5,"column":34},"end":{"line":5,"column":53}}},"fnMap":{"0":{"name":"arithmeticSequenceSum","decl":{"start":{"line":2,"column":16},"end":{"line":2,"column":37}},"loc":{"start":{"line":2,"column":77},"end":{"line":6,"column":1}},"line":2},"1":{"name":"(anonymous_1)","decl":{"start":{"line":4,"column":25},"end":{"line":4,"column":26}},"loc":{"start":{"line":4,"column":41},"end":{"line":4,"column":44}},"line":4},"2":{"name":"(anonymous_2)","decl":{"start":{"line":5,"column":12},"end":{"line":5,"column":13}},"loc":{"start":{"line":5,"column":34},"end":{"line":5,"column":53}},"line":5}},"branchMap":{},"s":{"0":4,"1":15,"2":15},"f":{"0":4,"1":15,"2":15},"b":{},"_coverageSchema":"1a1c01bbd47fc00a2c39e90264f33305004495a9","hash":"9f5ad369da06a768717965a3619ae556a7abed98"}
,"D:\\fleshka\\learnjs\\JSCORE\\innowise\\exercises\\array functions\\biggest.ts": {"path":"D:\\fleshka\\learnjs\\JSCORE\\innowise\\exercises\\array functions\\biggest.ts","statementMap":{"0":{"start":{"line":3,"column":2},"end":{"line":5,"column":13}},"1":{"start":{"line":4,"column":20},"end":{"line":4,"column":56}}},"fnMap":{"0":{"name":"biggest","decl":{"start":{"line":2,"column":16},"end":{"line":2,"column":23}},"loc":{"start":{"line":2,"column":54},"end":{"line":6,"column":1}},"line":2},"1":{"name":"(anonymous_1)","decl":{"start":{"line":4,"column":10},"end":{"line":4,"column":11}},"loc":{"start":{"line":4,"column":20},"end":{"line":4,"column":56}},"line":4}},"branchMap":{},"s":{"0":5,"1":21},"f":{"0":5,"1":21},"b":{},"_coverageSchema":"1a1c01bbd47fc00a2c39e90264f33305004495a9","hash":"90f60cc553fc07667e55c63c22cdd85d3893ebcc"}
,"D:\\fleshka\\learnjs\\JSCORE\\innowise\\exercises\\array functions\\diagonalSum.ts": {"path":"D:\\fleshka\\learnjs\\JSCORE\\innowise\\exercises\\array functions\\diagonalSum.ts","statementMap":{"0":{"start":{"line":3,"column":2},"end":{"line":3,"column":67}},"1":{"start":{"line":3,"column":45},"end":{"line":3,"column":63}}},"fnMap":{"0":{"name":"diagonalSum","decl":{"start":{"line":2,"column":16},"end":{"line":2,"column":27}},"loc":{"start":{"line":2,"column":66},"end":{"line":4,"column":1}},"line":2},"1":{"name":"(anonymous_1)","decl":{"start":{"line":3,"column":22},"end":{"line":3,"column":23}},"loc":{"start":{"line":3,"column":45},"end":{"line":3,"column":63}},"line":3}},"branchMap":{},"s":{"0":4,"1":10},"f":{"0":4,"1":10},"b":{},"_coverageSchema":"1a1c01bbd47fc00a2c39e90264f33305004495a9","hash":"4b159aed651a5223fcf8866a620951a3d5faabf5"}
,"D:\\fleshka\\learnjs\\JSCORE\\innowise\\exercises\\array functions\\maxTripletSum.ts": {"path":"D:\\fleshka\\learnjs\\JSCORE\\innowise\\exercises\\array functions\\maxTripletSum.ts","statementMap":{"0":{"start":{"line":3,"column":16},"end":{"line":3,"column":27}},"1":{"start":{"line":4,"column":17},"end":{"line":4,"column":71}},"2":{"start":{"line":4,"column":61},"end":{"line":4,"column":70}},"3":{"start":{"line":5,"column":2},"end":{"line":9,"column":4}},"4":{"start":{"line":6,"column":18},"end":{"line":6,"column":47}},"5":{"start":{"line":7,"column":4},"end":{"line":7,"column":25}},"6":{"start":{"line":8,"column":4},"end":{"line":8,"column":52}},"7":{"start":{"line":8,"column":37},"end":{"line":8,"column":51}},"8":{"start":{"line":10,"column":2},"end":{"line":10,"column":46}},"9":{"start":{"line":10,"column":35},"end":{"line":10,"column":42}}},"fnMap":{"0":{"name":"maxTripletSum","decl":{"start":{"line":2,"column":16},"end":{"line":2,"column":29}},"loc":{"start":{"line":2,"column":59},"end":{"line":11,"column":1}},"line":2},"1":{"name":"(anonymous_1)","decl":{"start":{"line":4,"column":43},"end":{"line":4,"column":44}},"loc":{"start":{"line":4,"column":61},"end":{"line":4,"column":70}},"line":4},"2":{"name":"(anonymous_2)","decl":{"start":{"line":5,"column":17},"end":{"line":5,"column":18}},"loc":{"start":{"line":5,"column":35},"end":{"line":9,"column":3}},"line":5},"3":{"name":"(anonymous_3)","decl":{"start":{"line":8,"column":29},"end":{"line":8,"column":30}},"loc":{"start":{"line":8,"column":37},"end":{"line":8,"column":51}},"line":8},"4":{"name":"(anonymous_4)","decl":{"start":{"line":10,"column":23},"end":{"line":10,"column":24}},"loc":{"start":{"line":10,"column":35},"end":{"line":10,"column":42}},"line":10}},"branchMap":{},"s":{"0":4,"1":4,"2":12,"3":4,"4":12,"5":12,"6":12,"7":62,"8":4,"9":12},"f":{"0":4,"1":12,"2":12,"3":62,"4":12},"b":{},"_coverageSchema":"1a1c01bbd47fc00a2c39e90264f33305004495a9","hash":"20feba1d4b90eb059d6ed638b5c826c722df242b"}
,"D:\\fleshka\\learnjs\\JSCORE\\innowise\\exercises\\array functions\\pattern.ts": {"path":"D:\\fleshka\\learnjs\\JSCORE\\innowise\\exercises\\array functions\\pattern.ts","statementMap":{"0":{"start":{"line":3,"column":14},"end":{"line":3,"column":73}},"1":{"start":{"line":3,"column":63},"end":{"line":3,"column":72}},"2":{"start":{"line":4,"column":2},"end":{"line":7,"column":14}},"3":{"start":{"line":5,"column":4},"end":{"line":5,"column":26}},"4":{"start":{"line":6,"column":4},"end":{"line":6,"column":23}}},"fnMap":{"0":{"name":"pattern","decl":{"start":{"line":2,"column":16},"end":{"line":2,"column":23}},"loc":{"start":{"line":2,"column":56},"end":{"line":8,"column":1}},"line":2},"1":{"name":"(anonymous_1)","decl":{"start":{"line":3,"column":45},"end":{"line":3,"column":46}},"loc":{"start":{"line":3,"column":63},"end":{"line":3,"column":72}},"line":3},"2":{"name":"(anonymous_2)","decl":{"start":{"line":4,"column":17},"end":{"line":4,"column":18}},"loc":{"start":{"line":4,"column":23},"end":{"line":7,"column":3}},"line":4}},"branchMap":{},"s":{"0":3,"1":11,"2":3,"3":11,"4":11},"f":{"0":3,"1":11,"2":11},"b":{},"_coverageSchema":"1a1c01bbd47fc00a2c39e90264f33305004495a9","hash":"d427a34eb9201c71cb71dcfc2d97e9788b9e1d1a"}
,"D:\\fleshka\\learnjs\\JSCORE\\innowise\\exercises\\array functions\\sumAverage.ts": {"path":"D:\\fleshka\\learnjs\\JSCORE\\innowise\\exercises\\array functions\\sumAverage.ts","statementMap":{"0":{"start":{"line":3,"column":2},"end":{"line":5,"column":3}},"1":{"start":{"line":4,"column":34},"end":{"line":4,"column":107}},"2":{"start":{"line":4,"column":73},"end":{"line":4,"column":103}}},"fnMap":{"0":{"name":"sumAverage","decl":{"start":{"line":2,"column":16},"end":{"line":2,"column":26}},"loc":{"start":{"line":2,"column":62},"end":{"line":6,"column":1}},"line":2},"1":{"name":"(anonymous_1)","decl":{"start":{"line":4,"column":15},"end":{"line":4,"column":16}},"loc":{"start":{"line":4,"column":34},"end":{"line":4,"column":107}},"line":4},"2":{"name":"(anonymous_2)","decl":{"start":{"line":4,"column":56},"end":{"line":4,"column":57}},"loc":{"start":{"line":4,"column":73},"end":{"line":4,"column":103}},"line":4}},"branchMap":{},"s":{"0":3,"1":6,"2":27},"f":{"0":3,"1":6,"2":27},"b":{},"_coverageSchema":"1a1c01bbd47fc00a2c39e90264f33305004495a9","hash":"dbddf5b0a8803ae459cd1b44ef4a8cd6556d9876"}
,"D:\\fleshka\\learnjs\\JSCORE\\innowise\\exercises\\classes & patterns\\customUpperCase.ts": {"path":"D:\\fleshka\\learnjs\\JSCORE\\innowise\\exercises\\classes & patterns\\customUpperCase.ts","statementMap":{"0":{"start":{"line":7,"column":0},"end":{"line":9,"column":1}},"1":{"start":{"line":8,"column":2},"end":{"line":8,"column":27}}},"fnMap":{"0":{"name":"(anonymous_0)","decl":{"start":{"line":7,"column":35},"end":{"line":7,"column":36}},"loc":{"start":{"line":7,"column":47},"end":{"line":9,"column":1}},"line":7}},"branchMap":{},"s":{"0":1,"1":2},"f":{"0":2},"b":{},"_coverageSchema":"1a1c01bbd47fc00a2c39e90264f33305004495a9","hash":"d15c9a9b39bd8042ed2d3d5a7b8284f1cb4f27d0"}
,"D:\\fleshka\\learnjs\\JSCORE\\innowise\\exercises\\classes & patterns\\singleton.ts": {"path":"D:\\fleshka\\learnjs\\JSCORE\\innowise\\exercises\\classes & patterns\\singleton.ts","statementMap":{"0":{"start":{"line":8,"column":4},"end":{"line":10,"column":5}},"1":{"start":{"line":9,"column":6},"end":{"line":9,"column":31}},"2":{"start":{"line":11,"column":4},"end":{"line":11,"column":29}}},"fnMap":{"0":{"name":"(anonymous_0)","decl":{"start":{"line":7,"column":2},"end":{"line":7,"column":3}},"loc":{"start":{"line":7,"column":17},"end":{"line":12,"column":3}},"line":7}},"branchMap":{"0":{"loc":{"start":{"line":8,"column":4},"end":{"line":10,"column":5}},"type":"if","locations":[{"start":{"line":8,"column":4},"end":{"line":10,"column":5}},{"start":{"line":8,"column":4},"end":{"line":10,"column":5}}],"line":8}},"s":{"0":2,"1":1,"2":2},"f":{"0":2},"b":{"0":[1,1]},"_coverageSchema":"1a1c01bbd47fc00a2c39e90264f33305004495a9","hash":"e1aa51345da1ccd34dd25e32f254aeb876b6ae9c"}
,"D:\\fleshka\\learnjs\\JSCORE\\innowise\\exercises\\higher-order functions\\spread.ts": {"path":"D:\\fleshka\\learnjs\\JSCORE\\innowise\\exercises\\higher-order functions\\spread.ts","statementMap":{"0":{"start":{"line":4,"column":2},"end":{"line":4,"column":34}}},"fnMap":{"0":{"name":"spread","decl":{"start":{"line":3,"column":16},"end":{"line":3,"column":22}},"loc":{"start":{"line":3,"column":78},"end":{"line":5,"column":1}},"line":3}},"branchMap":{},"s":{"0":2},"f":{"0":2},"b":{},"_coverageSchema":"1a1c01bbd47fc00a2c39e90264f33305004495a9","hash":"0cc32fbad15ddc6988409b6b73d5c018e6c6dc02"}
,"D:\\fleshka\\learnjs\\JSCORE\\innowise\\exercises\\higher-order functions\\zipWith.ts": {"path":"D:\\fleshka\\learnjs\\JSCORE\\innowise\\exercises\\higher-order functions\\zipWith.ts","statementMap":{"0":{"start":{"line":4,"column":2},"end":{"line":5,"column":97}},"1":{"start":{"line":5,"column":72},"end":{"line":5,"column":96}}},"fnMap":{"0":{"name":"zipWith","decl":{"start":{"line":3,"column":16},"end":{"line":3,"column":23}},"loc":{"start":{"line":3,"column":96},"end":{"line":6,"column":1}},"line":3},"1":{"name":"(anonymous_1)","decl":{"start":{"line":5,"column":54},"end":{"line":5,"column":55}},"loc":{"start":{"line":5,"column":72},"end":{"line":5,"column":96}},"line":5}},"branchMap":{},"s":{"0":3,"1":6},"f":{"0":3,"1":6},"b":{},"_coverageSchema":"1a1c01bbd47fc00a2c39e90264f33305004495a9","hash":"2c50869057460ee7781a5d3250eedae7c84c14ef"}
,"D:\\fleshka\\learnjs\\JSCORE\\innowise\\exercises\\recursion\\sequenceSum.ts": {"path":"D:\\fleshka\\learnjs\\JSCORE\\innowise\\exercises\\recursion\\sequenceSum.ts","statementMap":{"0":{"start":{"line":3,"column":2},"end":{"line":3,"column":27}},"1":{"start":{"line":3,"column":19},"end":{"line":3,"column":27}},"2":{"start":{"line":4,"column":2},"end":{"line":4,"column":33}},"3":{"start":{"line":4,"column":21},"end":{"line":4,"column":33}},"4":{"start":{"line":5,"column":2},"end":{"line":5,"column":55}}},"fnMap":{"0":{"name":"sequenceSum","decl":{"start":{"line":2,"column":16},"end":{"line":2,"column":27}},"loc":{"start":{"line":2,"column":79},"end":{"line":6,"column":1}},"line":2}},"branchMap":{"0":{"loc":{"start":{"line":3,"column":2},"end":{"line":3,"column":27}},"type":"if","locations":[{"start":{"line":3,"column":2},"end":{"line":3,"column":27}},{"start":{"line":3,"column":2},"end":{"line":3,"column":27}}],"line":3},"1":{"loc":{"start":{"line":4,"column":2},"end":{"line":4,"column":33}},"type":"if","locations":[{"start":{"line":4,"column":2},"end":{"line":4,"column":33}},{"start":{"line":4,"column":2},"end":{"line":4,"column":33}}],"line":4}},"s":{"0":5,"1":2,"2":3,"3":1,"4":2},"f":{"0":5},"b":{"0":[2,3],"1":[1,2]},"_coverageSchema":"1a1c01bbd47fc00a2c39e90264f33305004495a9","hash":"1fd4597ad4720fa2aac6f314fc58f669ad4df0ad"}
,"D:\\fleshka\\learnjs\\JSCORE\\innowise\\exercises\\recursion\\stringify.ts": {"path":"D:\\fleshka\\learnjs\\JSCORE\\innowise\\exercises\\recursion\\stringify.ts","statementMap":{"0":{"start":{"line":8,"column":4},"end":{"line":8,"column":20}},"1":{"start":{"line":9,"column":4},"end":{"line":9,"column":20}},"2":{"start":{"line":14,"column":2},"end":{"line":14,"column":63}},"3":{"start":{"line":14,"column":26},"end":{"line":14,"column":63}},"4":{"start":{"line":15,"column":2},"end":{"line":15,"column":57}},"5":{"start":{"line":15,"column":36},"end":{"line":15,"column":57}},"6":{"start":{"line":16,"column":2},"end":{"line":16,"column":50}}},"fnMap":{"0":{"name":"(anonymous_0)","decl":{"start":{"line":7,"column":2},"end":{"line":7,"column":3}},"loc":{"start":{"line":7,"column":42},"end":{"line":10,"column":3}},"line":7},"1":{"name":"stringify","decl":{"start":{"line":13,"column":16},"end":{"line":13,"column":25}},"loc":{"start":{"line":13,"column":47},"end":{"line":17,"column":1}},"line":13}},"branchMap":{"0":{"loc":{"start":{"line":7,"column":29},"end":{"line":7,"column":40}},"type":"default-arg","locations":[{"start":{"line":7,"column":36},"end":{"line":7,"column":40}}],"line":7},"1":{"loc":{"start":{"line":14,"column":2},"end":{"line":14,"column":63}},"type":"if","locations":[{"start":{"line":14,"column":2},"end":{"line":14,"column":63}},{"start":{"line":14,"column":2},"end":{"line":14,"column":63}}],"line":14},"2":{"loc":{"start":{"line":15,"column":2},"end":{"line":15,"column":57}},"type":"if","locations":[{"start":{"line":15,"column":2},"end":{"line":15,"column":57}},{"start":{"line":15,"column":2},"end":{"line":15,"column":57}}],"line":15}},"s":{"0":10,"1":10,"2":10,"3":2,"4":8,"5":1,"6":7},"f":{"0":10,"1":10},"b":{"0":[2],"1":[2,8],"2":[1,7]},"_coverageSchema":"1a1c01bbd47fc00a2c39e90264f33305004495a9","hash":"4ae69119c971438840923e309ba1b5dfba0594ea"}
,"D:\\fleshka\\learnjs\\JSCORE\\innowise\\exercises\\sorting\\sortArr.ts": {"path":"D:\\fleshka\\learnjs\\JSCORE\\innowise\\exercises\\sorting\\sortArr.ts","statementMap":{"0":{"start":{"line":3,"column":2},"end":{"line":5,"column":3}},"1":{"start":{"line":3,"column":26},"end":{"line":3,"column":61}},"2":{"start":{"line":4,"column":4},"end":{"line":4,"column":53}},"3":{"start":{"line":4,"column":31},"end":{"line":4,"column":52}},"4":{"start":{"line":6,"column":2},"end":{"line":6,"column":13}}},"fnMap":{"0":{"name":"sortArr","decl":{"start":{"line":2,"column":16},"end":{"line":2,"column":23}},"loc":{"start":{"line":2,"column":109},"end":{"line":7,"column":1}},"line":2},"1":{"name":"(anonymous_1)","decl":{"start":{"line":3,"column":17},"end":{"line":3,"column":18}},"loc":{"start":{"line":3,"column":26},"end":{"line":3,"column":61}},"line":3},"2":{"name":"(anonymous_2)","decl":{"start":{"line":4,"column":21},"end":{"line":4,"column":22}},"loc":{"start":{"line":4,"column":31},"end":{"line":4,"column":52}},"line":4}},"branchMap":{"0":{"loc":{"start":{"line":3,"column":2},"end":{"line":5,"column":3}},"type":"if","locations":[{"start":{"line":3,"column":2},"end":{"line":5,"column":3}},{"start":{"line":3,"column":2},"end":{"line":5,"column":3}}],"line":3}},"s":{"0":3,"1":9,"2":2,"3":12,"4":1},"f":{"0":3,"1":9,"2":12},"b":{"0":[2,1]},"_coverageSchema":"1a1c01bbd47fc00a2c39e90264f33305004495a9","hash":"dd514820892701ff85bbf42f59cf64ba54e4c38b"}
,"D:\\fleshka\\learnjs\\JSCORE\\innowise\\exercises\\string functions\\alphabetized.ts": {"path":"D:\\fleshka\\learnjs\\JSCORE\\innowise\\exercises\\string functions\\alphabetized.ts","statementMap":{"0":{"start":{"line":3,"column":2},"end":{"line":7,"column":13}},"1":{"start":{"line":6,"column":21},"end":{"line":6,"column":63}}},"fnMap":{"0":{"name":"alphabetized","decl":{"start":{"line":2,"column":16},"end":{"line":2,"column":28}},"loc":{"start":{"line":2,"column":52},"end":{"line":8,"column":1}},"line":2},"1":{"name":"(anonymous_1)","decl":{"start":{"line":6,"column":10},"end":{"line":6,"column":11}},"loc":{"start":{"line":6,"column":21},"end":{"line":6,"column":63}},"line":6}},"branchMap":{"0":{"loc":{"start":{"line":6,"column":21},"end":{"line":6,"column":63}},"type":"cond-expr","locations":[{"start":{"line":6,"column":57},"end":{"line":6,"column":59}},{"start":{"line":6,"column":62},"end":{"line":6,"column":63}}],"line":6}},"s":{"0":4,"1":67},"f":{"0":4,"1":67},"b":{"0":[37,30]},"_coverageSchema":"1a1c01bbd47fc00a2c39e90264f33305004495a9","hash":"37d26da72ec18fc94e0e91b41aabe7f6418e959a"}
,"D:\\fleshka\\learnjs\\JSCORE\\innowise\\exercises\\string functions\\countDuplicates.ts": {"path":"D:\\fleshka\\learnjs\\JSCORE\\innowise\\exercises\\string functions\\countDuplicates.ts","statementMap":{"0":{"start":{"line":3,"column":2},"end":{"line":6,"column":107}},"1":{"start":{"line":6,"column":35},"end":{"line":6,"column":99}}},"fnMap":{"0":{"name":"countDuplicates","decl":{"start":{"line":2,"column":16},"end":{"line":2,"column":31}},"loc":{"start":{"line":2,"column":55},"end":{"line":7,"column":1}},"line":2},"1":{"name":"(anonymous_1)","decl":{"start":{"line":6,"column":12},"end":{"line":6,"column":13}},"loc":{"start":{"line":6,"column":35},"end":{"line":6,"column":99}},"line":6}},"branchMap":{"0":{"loc":{"start":{"line":6,"column":35},"end":{"line":6,"column":99}},"type":"binary-expr","locations":[{"start":{"line":6,"column":35},"end":{"line":6,"column":63}},{"start":{"line":6,"column":67},"end":{"line":6,"column":99}}],"line":6}},"s":{"0":6,"1":65},"f":{"0":6,"1":65},"b":{"0":[65,25]},"_coverageSchema":"1a1c01bbd47fc00a2c39e90264f33305004495a9","hash":"b468797def08271ef331e6704b1ae8cc834f11e2"}
,"D:\\fleshka\\learnjs\\JSCORE\\innowise\\exercises\\string functions\\formatCurrency.ts": {"path":"D:\\fleshka\\learnjs\\JSCORE\\innowise\\exercises\\string functions\\formatCurrency.ts","statementMap":{"0":{"start":{"line":3,"column":2},"end":{"line":3,"column":59}}},"fnMap":{"0":{"name":"formatCurrency","decl":{"start":{"line":2,"column":16},"end":{"line":2,"column":30}},"loc":{"start":{"line":2,"column":65},"end":{"line":4,"column":1}},"line":2}},"branchMap":{},"s":{"0":6},"f":{"0":6},"b":{},"_coverageSchema":"1a1c01bbd47fc00a2c39e90264f33305004495a9","hash":"53ee78c45c20404c1e75a14b238d1e76f404b783"}
,"D:\\fleshka\\learnjs\\JSCORE\\innowise\\exercises\\string functions\\replaceWithAlphPositions.ts": {"path":"D:\\fleshka\\learnjs\\JSCORE\\innowise\\exercises\\string functions\\replaceWithAlphPositions.ts","statementMap":{"0":{"start":{"line":3,"column":2},"end":{"line":8,"column":14}},"1":{"start":{"line":6,"column":20},"end":{"line":6,"column":46}},"2":{"start":{"line":7,"column":18},"end":{"line":7,"column":42}}},"fnMap":{"0":{"name":"replaceWithAlphPositions","decl":{"start":{"line":2,"column":16},"end":{"line":2,"column":40}},"loc":{"start":{"line":2,"column":64},"end":{"line":9,"column":1}},"line":2},"1":{"name":"(anonymous_1)","decl":{"start":{"line":6,"column":12},"end":{"line":6,"column":13}},"loc":{"start":{"line":6,"column":20},"end":{"line":6,"column":46}},"line":6},"2":{"name":"(anonymous_2)","decl":{"start":{"line":7,"column":9},"end":{"line":7,"column":10}},"loc":{"start":{"line":7,"column":18},"end":{"line":7,"column":42}},"line":7}},"branchMap":{"0":{"loc":{"start":{"line":6,"column":20},"end":{"line":6,"column":46}},"type":"binary-expr","locations":[{"start":{"line":6,"column":20},"end":{"line":6,"column":31}},{"start":{"line":6,"column":35},"end":{"line":6,"column":46}}],"line":6}},"s":{"0":3,"1":45,"2":32},"f":{"0":3,"1":45,"2":32},"b":{"0":[45,33]},"_coverageSchema":"1a1c01bbd47fc00a2c39e90264f33305004495a9","hash":"ff92eff853844e8f55954d3eac6a153a30e10df6"}
,"D:\\fleshka\\learnjs\\JSCORE\\innowise\\exercises\\string functions\\romanToNumber.ts": {"path":"D:\\fleshka\\learnjs\\JSCORE\\innowise\\exercises\\string functions\\romanToNumber.ts","statementMap":{"0":{"start":{"line":3,"column":13},"end":{"line":3,"column":25}},"1":{"start":{"line":4,"column":2},"end":{"line":4,"column":42}},"2":{"start":{"line":4,"column":32},"end":{"line":4,"column":42}},"3":{"start":{"line":5,"column":14},"end":{"line":13,"column":3}},"4":{"start":{"line":14,"column":2},"end":{"line":17,"column":83}},"5":{"start":{"line":16,"column":18},"end":{"line":16,"column":28}},"6":{"start":{"line":17,"column":36},"end":{"line":17,"column":79}}},"fnMap":{"0":{"name":"romanToNumber","decl":{"start":{"line":2,"column":16},"end":{"line":2,"column":29}},"loc":{"start":{"line":2,"column":55},"end":{"line":18,"column":1}},"line":2},"1":{"name":"(anonymous_1)","decl":{"start":{"line":16,"column":9},"end":{"line":16,"column":10}},"loc":{"start":{"line":16,"column":18},"end":{"line":16,"column":28}},"line":16},"2":{"name":"(anonymous_2)","decl":{"start":{"line":17,"column":12},"end":{"line":17,"column":13}},"loc":{"start":{"line":17,"column":36},"end":{"line":17,"column":79}},"line":17}},"branchMap":{"0":{"loc":{"start":{"line":4,"column":2},"end":{"line":4,"column":42}},"type":"if","locations":[{"start":{"line":4,"column":2},"end":{"line":4,"column":42}},{"start":{"line":4,"column":2},"end":{"line":4,"column":42}}],"line":4},"1":{"loc":{"start":{"line":17,"column":43},"end":{"line":17,"column":78}},"type":"cond-expr","locations":[{"start":{"line":17,"column":64},"end":{"line":17,"column":70}},{"start":{"line":17,"column":73},"end":{"line":17,"column":78}}],"line":17}},"s":{"0":4,"1":4,"2":2,"3":2,"4":2,"5":10,"6":10},"f":{"0":4,"1":10,"2":10},"b":{"0":[2,2],"1":[1,9]},"_coverageSchema":"1a1c01bbd47fc00a2c39e90264f33305004495a9","hash":"2310cec30298131aa1621f500480ebd0768edcb9"}
,"D:\\fleshka\\learnjs\\JSCORE\\innowise\\exercises\\string functions\\toMachineName.ts": {"path":"D:\\fleshka\\learnjs\\JSCORE\\innowise\\exercises\\string functions\\toMachineName.ts","statementMap":{"0":{"start":{"line":3,"column":13},"end":{"line":3,"column":23}},"1":{"start":{"line":4,"column":21},"end":{"line":4,"column":49}},"2":{"start":{"line":5,"column":22},"end":{"line":5,"column":66}},"3":{"start":{"line":5,"column":49},"end":{"line":5,"column":65}},"4":{"start":{"line":6,"column":2},"end":{"line":6,"column":57}},"5":{"start":{"line":6,"column":38},"end":{"line":6,"column":57}},"6":{"start":{"line":7,"column":2},"end":{"line":7,"column":36}}},"fnMap":{"0":{"name":"toMachineName","decl":{"start":{"line":2,"column":16},"end":{"line":2,"column":29}},"loc":{"start":{"line":2,"column":72},"end":{"line":8,"column":1}},"line":2},"1":{"name":"(anonymous_1)","decl":{"start":{"line":5,"column":40},"end":{"line":5,"column":41}},"loc":{"start":{"line":5,"column":49},"end":{"line":5,"column":65}},"line":5}},"branchMap":{"0":{"loc":{"start":{"line":6,"column":2},"end":{"line":6,"column":57}},"type":"if","locations":[{"start":{"line":6,"column":2},"end":{"line":6,"column":57}},{"start":{"line":6,"column":2},"end":{"line":6,"column":57}}],"line":6}},"s":{"0":4,"1":4,"2":4,"3":39,"4":4,"5":1,"6":4},"f":{"0":4,"1":39},"b":{"0":[1,3]},"_coverageSchema":"1a1c01bbd47fc00a2c39e90264f33305004495a9","hash":"99b99da60cecdca996509ac5cd7a535581460042"}
}
