TN:
SF:exercises\algorithms and functional programming\add.ts
FN:2,add
FN:3,(anonymous_1)
FNF:2
FNH:2
FNDA:2,add
FNDA:1,(anonymous_1)
DA:3,2
DA:4,1
CRLF:2
LH:2
BRF:0
BRH:0
end_of_record
TN:
SF:exercises\algorithms and functional programming\compose.ts
FN:4,compose
FN:5,(anonymous_1)
FN:6,(anonymous_2)
FNF:3
FNH:3
FNDA:2,compose
FNDA:1,(anonymous_1)
FNDA:3,(anonymous_2)
DA:5,2
DA:6,3
CRLF:2
LH:2
BRF:0
BRH:0
end_of_record
TN:
SF:exercises\algorithms and functional programming\flattenAndSort.ts
FN:2,flattenAndSort
FN:4,(anonymous_1)
FN:5,(anonymous_2)
FNF:3
FNH:3
FNDA:3,flattenAndSort
FNDA:9,(anonymous_1)
FNDA:48,(anonymous_2)
DA:3,3
DA:4,9
DA:5,48
CRLF:3
LH:3
BRF:0
BRH:0
end_of_record
TN:
SF:exercises\algorithms and functional programming\multiplyAll.ts
FN:2,multiplyAll
FN:3,(anonymous_1)
FN:4,(anonymous_2)
FNF:3
FNH:3
FNDA:2,multiplyAll
FNDA:1,(anonymous_1)
FNDA:3,(anonymous_2)
DA:3,2
DA:4,3
CRLF:2
LH:2
BRF:0
BRH:0
end_of_record
TN:
SF:exercises\algorithms and functional programming\reduce.ts
FN:4,reduce
FN:6,(anonymous_1)
FN:12,reduceByFor
FNF:3
FNH:3
FNDA:2,reduce
FNDA:7,(anonymous_1)
FNDA:2,reduceByFor
DA:5,2
DA:6,2
DA:7,7
DA:8,7
DA:13,2
DA:14,2
DA:15,2
DA:16,10
DA:17,10
DA:19,2
CRLF:10
LH:10
BRF:0
BRH:0
end_of_record
TN:
SF:exercises\algorithms and functional programming\uniqueSum.ts
FN:2,uniqueSum
FN:3,(anonymous_1)
FNF:2
FNH:2
FNDA:2,uniqueSum
FNDA:10,(anonymous_1)
DA:3,10
CRLF:1
LH:1
BRDA:3,0,0,8
BRDA:3,0,1,2
BRF:2
BRH:2
end_of_record
TN:
SF:exercises\array functions\arithmeticSequenceSum.ts
FN:2,arithmeticSequenceSum
FN:4,(anonymous_1)
FN:5,(anonymous_2)
FNF:3
FNH:3
FNDA:4,arithmeticSequenceSum
FNDA:15,(anonymous_1)
FNDA:15,(anonymous_2)
DA:3,4
DA:4,15
DA:5,15
CRLF:3
LH:3
BRF:0
BRH:0
end_of_record
TN:
SF:exercises\array functions\biggest.ts
FN:2,biggest
FN:4,(anonymous_1)
FNF:2
FNH:2
FNDA:3,biggest
FNDA:10,(anonymous_1)
DA:3,3
DA:4,10
CRLF:2
LH:2
BRF:0
BRH:0
end_of_record
TN:
SF:exercises\array functions\diagonalSum.ts
FN:2,diagonalSum
FN:3,(anonymous_1)
FNF:2
FNH:2
FNDA:4,diagonalSum
FNDA:10,(anonymous_1)
DA:3,10
CRLF:1
LH:1
BRF:0
BRH:0
end_of_record
TN:
SF:exercises\array functions\maxTripletSum.ts
FN:2,maxTripletSum
FN:4,(anonymous_1)
FN:5,(anonymous_2)
FN:8,(anonymous_3)
FN:10,(anonymous_4)
FNF:5
FNH:5
FNDA:3,maxTripletSum
FNDA:9,(anonymous_1)
FNDA:9,(anonymous_2)
FNDA:45,(anonymous_3)
FNDA:9,(anonymous_4)
DA:3,3
DA:4,9
DA:5,3
DA:6,9
DA:7,9
DA:8,45
DA:10,9
CRLF:7
LH:7
BRF:0
BRH:0
end_of_record
TN:
SF:exercises\array functions\pattern.ts
FN:2,pattern
FN:3,(anonymous_1)
FN:4,(anonymous_2)
FNF:3
FNH:3
FNDA:3,pattern
FNDA:11,(anonymous_1)
FNDA:11,(anonymous_2)
DA:3,11
DA:4,3
DA:5,11
DA:6,11
CRLF:4
LH:4
BRF:0
BRH:0
end_of_record
TN:
SF:exercises\array functions\sumAverage.ts
FN:2,sumAverage
FN:4,(anonymous_1)
FN:4,(anonymous_2)
FNF:3
FNH:3
FNDA:3,sumAverage
FNDA:6,(anonymous_1)
FNDA:27,(anonymous_2)
DA:3,3
DA:4,27
CRLF:2
LH:2
BRF:0
BRH:0
end_of_record
TN:
SF:exercises\classes & patterns\customUpperCase.ts
FN:7,(anonymous_0)
FNF:1
FNH:1
FNDA:2,(anonymous_0)
DA:7,1
DA:8,2
CRLF:2
LH:2
BRF:0
BRH:0
end_of_record
TN:
SF:exercises\classes & patterns\singleton.ts
FN:7,(anonymous_0)
FNF:1
FNH:1
FNDA:2,(anonymous_0)
DA:8,2
DA:9,1
DA:11,2
CRLF:3
LH:3
BRDA:8,0,0,1
BRDA:8,0,1,1
BRF:2
BRH:2
end_of_record
TN:
SF:exercises\higher-order functions\spread.ts
FN:3,spread
FNF:1
FNH:1
FNDA:2,spread
DA:4,2
CRLF:1
LH:1
BRF:0
BRH:0
end_of_record
TN:
SF:exercises\higher-order functions\zipWith.ts
FN:3,zipWith
FN:5,(anonymous_1)
FNF:2
FNH:2
FNDA:3,zipWith
FNDA:6,(anonymous_1)
DA:4,3
DA:5,6
CRLF:2
LH:2
BRF:0
BRH:0
end_of_record
TN:
SF:exercises\recursion\sequenceSum.ts
FN:2,sequenceSum
FNF:1
FNH:1
FNDA:5,sequenceSum
DA:3,5
DA:4,3
DA:5,2
CRLF:3
LH:3
BRDA:3,0,0,2
BRDA:3,0,1,3
BRDA:4,1,0,1
BRDA:4,1,1,2
BRF:4
BRH:4
end_of_record
TN:
SF:exercises\recursion\stringify.ts
FN:7,(anonymous_0)
FN:13,stringify
FNF:2
FNH:2
FNDA:10,(anonymous_0)
FNDA:10,stringify
DA:8,10
DA:9,10
DA:14,10
DA:15,8
DA:16,7
CRLF:5
LH:5
BRDA:7,0,0,2
BRDA:14,1,0,2
BRDA:14,1,1,8
BRDA:15,2,0,1
BRDA:15,2,1,7
BRF:5
BRH:5
end_of_record
TN:
SF:exercises\sorting\sortArr.ts
FN:2,sortArr
FN:3,(anonymous_1)
FN:4,(anonymous_2)
FNF:3
FNH:3
FNDA:3,sortArr
FNDA:9,(anonymous_1)
FNDA:12,(anonymous_2)
DA:3,9
DA:4,12
DA:6,1
CRLF:3
LH:3
BRDA:3,0,0,2
BRDA:3,0,1,1
BRF:2
BRH:2
end_of_record
TN:
SF:exercises\string functions\alphabetized.ts
FN:2,alphabetized
FN:6,(anonymous_1)
FNF:2
FNH:2
FNDA:4,alphabetized
FNDA:67,(anonymous_1)
DA:3,4
DA:6,67
CRLF:2
LH:2
BRDA:6,0,0,37
BRDA:6,0,1,30
BRF:2
BRH:2
end_of_record
TN:
SF:exercises\string functions\countDuplicates.ts
FN:2,countDuplicates
FN:6,(anonymous_1)
FNF:2
FNH:2
FNDA:6,countDuplicates
FNDA:65,(anonymous_1)
DA:3,6
DA:6,65
CRLF:2
LH:2
BRDA:6,0,0,65
BRDA:6,0,1,25
BRF:2
BRH:2
end_of_record
TN:
SF:exercises\string functions\formatCurrency.ts
FN:2,formatCurrency
FNF:1
FNH:1
FNDA:6,formatCurrency
DA:3,6
CRLF:1
LH:1
BRF:0
BRH:0
end_of_record
TN:
SF:exercises\string functions\replaceWithAlphPositions.ts
FN:2,replaceWithAlphPositions
FN:6,(anonymous_1)
FN:7,(anonymous_2)
FNF:3
FNH:3
FNDA:3,replaceWithAlphPositions
FNDA:45,(anonymous_1)
FNDA:32,(anonymous_2)
DA:3,3
DA:6,45
DA:7,32
CRLF:3
LH:3
BRDA:6,0,0,45
BRDA:6,0,1,33
BRF:2
BRH:2
end_of_record
TN:
SF:exercises\string functions\romanToNumber.ts
FN:2,romanToNumber
FN:16,(anonymous_1)
FN:17,(anonymous_2)
FNF:3
FNH:3
FNDA:4,romanToNumber
FNDA:10,(anonymous_1)
FNDA:10,(anonymous_2)
DA:3,4
DA:4,4
DA:5,2
DA:14,2
DA:16,10
DA:17,10
CRLF:6
LH:6
BRDA:4,0,0,2
BRDA:4,0,1,2
BRDA:17,1,0,1
BRDA:17,1,1,9
BRF:4
BRH:4
end_of_record
TN:
SF:exercises\string functions\toMachineName.ts
FN:2,toMachineName
FN:5,(anonymous_1)
FNF:2
FNH:2
FNDA:4,toMachineName
FNDA:39,(anonymous_1)
DA:3,4
DA:4,4
DA:5,39
DA:6,4
DA:7,4
CRLF:5
LH:5
BRDA:6,0,0,1
BRDA:6,0,1,3
BRF:2
BRH:2
end_of_record
